<?xml version="1.0" encoding="UTF-8"?>
<!-- Generated by org.testng.reporters.JUnitXMLReporter -->
<testsuite ignored="0" hostname="09185379-Akshay" failures="0" tests="7" name="amazonLoginPageObject" time="0.047" errors="0" timestamp="2021-08-16T21:29:10 NZST">
  <testcase classname="amazonLoginPageObject.broserTest" name="firstTest" time="0.006"/>
  <testcase classname="amazonLoginPageObject.broserTest" name="secondTest" time="0.001"/>
  <testcase classname="amazonLoginPageObject.broserTest" name="thirdTest" time="0.001"/>
  <testcase classname="amazonLoginPageObject.BrowserTest" name="firstTest" time="0.001"/>
  <testcase classname="amazonLoginPageObject.BrowserTest" name="fourthTest" time="0.001"/>
  <testcase classname="amazonLoginPageObject.BrowserTest" name="secondTest" time="0.001"/>
  <testcase classname="amazonLoginPageObject.BrowserTest" name="thirdTest" time="0.001"/>
</testsuite> <!-- amazonLoginPageObject -->
