<?xml version="1.0" encoding="UTF-8"?>
<!-- Generated by org.testng.reporters.JUnitXMLReporter -->
<testsuite ignored="0" hostname="09185379-Akshay" failures="0" tests="7" name="Test" time="0.049" errors="0" timestamp="2021-08-16T19:27:59 NZST">
  <testcase classname="testsel.broserTest" name="firstTest" time="0.006"/>
  <testcase classname="testsel.broserTest" name="secondTest" time="0.001"/>
  <testcase classname="testsel.broserTest" name="thirdTest" time="0.001"/>
  <testcase classname="testsel.BrowserTest" name="firstTest" time="0.001"/>
  <testcase classname="testsel.BrowserTest" name="fourthTest" time="0.0"/>
  <testcase classname="testsel.BrowserTest" name="secondTest" time="0.001"/>
  <testcase classname="testsel.BrowserTest" name="thirdTest" time="0.001"/>
</testsuite> <!-- Test -->
