<?xml version="1.0" encoding="UTF-8"?>
<testng-results ignored="0" total="1" passed="1" failed="0" skipped="0">
  <reporter-output>
  </reporter-output>
  <suite started-at="2021-08-20T00:06:57 NZST" name="Default suite" finished-at="2021-08-20T00:08:34 NZST" duration-ms="96531">
    <groups>
    </groups>
    <test started-at="2021-08-20T00:06:57 NZST" name="Default test" finished-at="2021-08-20T00:08:34 NZST" duration-ms="96531">
      <class name="amazon.air">
        <test-method signature="air_bnb()[pri:0, instance:amazon.air@b62d79]" started-at="2021-08-20T00:06:57 NZST" name="air_bnb" finished-at="2021-08-20T00:08:34 NZST" duration-ms="96503" status="PASS">
          <reporter-output>
          </reporter-output>
        </test-method> <!-- air_bnb -->
      </class> <!-- amazon.air -->
    </test> <!-- Default test -->
  </suite> <!-- Default suite -->
</testng-results>
